<?xml version="1.0" encoding="UTF-8"?>
<!-- Generated by org.testng.reporters.JUnitReportReporter -->
<testsuite hostname="DESKTOP-3321287" failures="0" tests="1" name="com.TestNG_MVN_Cmd.ReadDataFromCmdTest" time="0.015" errors="0" timestamp="2021-11-10T18:14:28 IST" skipped="0">
  <testcase classname="com.TestNG_MVN_Cmd.ReadDataFromCmdTest" name="readData" time="0.015"/>
  <system-out/>
</testsuite> <!-- com.TestNG_MVN_Cmd.ReadDataFromCmdTest -->
