<?xml version="1.0" encoding="UTF-8"?>
<!-- Generated by org.testng.reporters.JUnitReportReporter -->
<testsuite hostname="DESKTOP-3321287" failures="0" tests="1" name="com.TestNG_MVN_Cmd.Sample_TestNG_MVN_Cmd_Test" time="38.058" errors="0" timestamp="2021-11-10T16:03:51 IST" skipped="0">
  <testcase classname="com.TestNG_MVN_Cmd.Sample_TestNG_MVN_Cmd_Test" name="createOrgTest" time="38.058"/>
  <system-out/>
</testsuite> <!-- com.TestNG_MVN_Cmd.Sample_TestNG_MVN_Cmd_Test -->
