<?xml version="1.0" encoding="UTF-8"?>
<!-- Generated by org.testng.reporters.JUnitReportReporter -->
<testsuite hostname="DESKTOP-3321287" failures="0" tests="1" name="com.TestNG_MVN_Cmd.mavanCommandTest" time="0.024" errors="0" timestamp="2021-11-10T15:45:12 IST" skipped="0">
  <testcase classname="com.TestNG_MVN_Cmd.mavanCommandTest" name="mvncmd" time="0.024"/>
  <system-out/>
</testsuite> <!-- com.TestNG_MVN_Cmd.mavanCommandTest -->
